<?xml version="1.0" encoding="UTF-8"?>
<!-- Generated by org.testng.reporters.JUnitXMLReporter -->
<testsuite ignored="0" hostname="DESKTOP-48QLBVR" failures="1" tests="1" name="Employee Regtration TestCase" time="0.729" errors="0" timestamp="01 Jun 2023 19:17:39 GMT">
  <testcase classname="cucumber.api.testng.AbstractTestNGCucumberTests" name="feature" time="0.067">
    <failure type="cucumber.runtime.CucumberException" message="java.lang.NoClassDefFoundError: Could not initialize class cucumber.deps.com.thoughtworks.xstream.converters.collections.TreeMapConverter">
      <![CDATA[cucumber.runtime.CucumberException: java.lang.NoClassDefFoundError: Could not initialize class cucumber.deps.com.thoughtworks.xstream.converters.collections.TreeMapConverter
at cucumber.api.testng.TestNGCucumberRunner.runCucumber(TestNGCucumberRunner.java:69)
at cucumber.api.testng.AbstractTestNGCucumberTests.feature(AbstractTestNGCucumberTests.java:21)
Caused by: java.lang.NoClassDefFoundError: Could not initialize class cucumber.deps.com.thoughtworks.xstream.converters.collections.TreeMapConverter
at cucumber.deps.com.thoughtworks.xstream.XStream.setupConverters(XStream.java:820)
at cucumber.deps.com.thoughtworks.xstream.XStream.<init>(XStream.java:574)
at cucumber.deps.com.thoughtworks.xstream.XStream.<init>(XStream.java:530)
at cucumber.runtime.xstream.LocalizedXStreams$LocalizedXStream.<init>(LocalizedXStreams.java:50)
at cucumber.runtime.xstream.LocalizedXStreams.newXStream(LocalizedXStreams.java:37)
at cucumber.runtime.xstream.LocalizedXStreams.get(LocalizedXStreams.java:29)
at cucumber.runtime.StepDefinitionMatch.runStep(StepDefinitionMatch.java:37)
at cucumber.runtime.Runtime.runStep(Runtime.java:300)
at cucumber.runtime.model.StepContainer.runStep(StepContainer.java:44)
at cucumber.runtime.model.StepContainer.runSteps(StepContainer.java:39)
at cucumber.runtime.model.CucumberScenario.run(CucumberScenario.java:44)
at cucumber.runtime.model.CucumberFeature.run(CucumberFeature.java:165)
at cucumber.api.testng.TestNGCucumberRunner.runCucumber(TestNGCucumberRunner.java:63)
at cucumber.api.testng.AbstractTestNGCucumberTests.feature(AbstractTestNGCucumberTests.java:21)
at âœ½.Given i open browser with url "http://orangehrm.qedgetech.com"(featurefiles/employee.feature:7)
at cucumber.deps.com.thoughtworks.xstream.core.util.Fields.locate(Fields.java:39)
at cucumber.deps.com.thoughtworks.xstream.converters.collections.TreeMapConverter.<clinit>(TreeMapConverter.java:50)
at cucumber.deps.com.thoughtworks.xstream.XStream.setupConverters(XStream.java:820)
at cucumber.deps.com.thoughtworks.xstream.XStream.<init>(XStream.java:574)
at cucumber.deps.com.thoughtworks.xstream.XStream.<init>(XStream.java:530)
at cucumber.runtime.xstream.LocalizedXStreams$LocalizedXStream.<init>(LocalizedXStreams.java:50)
at cucumber.runtime.xstream.LocalizedXStreams.newXStream(LocalizedXStreams.java:37)
at cucumber.runtime.xstream.LocalizedXStreams.get(LocalizedXStreams.java:29)
at cucumber.runtime.StepDefinitionMatch.runStep(StepDefinitionMatch.java:37)
at cucumber.runtime.Runtime.runStep(Runtime.java:300)
at cucumber.runtime.model.StepContainer.runStep(StepContainer.java:44)
at cucumber.runtime.model.StepContainer.runSteps(StepContainer.java:39)
at cucumber.runtime.model.CucumberScenario.run(CucumberScenario.java:44)
at cucumber.runtime.model.CucumberFeature.run(CucumberFeature.java:165)
at cucumber.api.testng.TestNGCucumberRunner.runCucumber(TestNGCucumberRunner.java:63)
at cucumber.api.testng.AbstractTestNGCucumberTests.feature(AbstractTestNGCucumberTests.java:21)
... Removed 80 stack frames]]>
    </failure>
  </testcase> <!-- feature -->
</testsuite> <!-- Employee Regtration TestCase -->
